<?xml version="1.0" encoding="UTF-8"?>
<testng-results ignored="0" total="2" passed="2" failed="0" skipped="0">
  <reporter-output>
  </reporter-output>
  <suite started-at="2022-12-04T13:09:05Z" name="Default suite" finished-at="2022-12-04T13:09:24Z" duration-ms="19034">
    <groups>
    </groups>
    <test started-at="2022-12-04T13:09:05Z" name="Default test" finished-at="2022-12-04T13:09:24Z" duration-ms="19034">
      <class name="cloud.AmazonAzure">
        <test-method signature="amazon()[pri:0, instance:cloud.AmazonAzure@20f5281c]" started-at="2022-12-04T13:09:05Z" name="amazon" finished-at="2022-12-04T13:09:22Z" duration-ms="17020" status="PASS">
          <reporter-output>
          </reporter-output>
        </test-method> <!-- amazon -->
        <test-method signature="api()[pri:0, instance:cloud.AmazonAzure@20f5281c]" started-at="2022-12-04T13:09:22Z" name="api" finished-at="2022-12-04T13:09:24Z" duration-ms="1987" status="PASS">
          <reporter-output>
          </reporter-output>
        </test-method> <!-- api -->
      </class> <!-- cloud.AmazonAzure -->
    </test> <!-- Default test -->
  </suite> <!-- Default suite -->
</testng-results>
